<?xml version="1.0" encoding="UTF-8"?>
<!-- Generated by org.testng.reporters.JUnitReportReporter -->
<testsuite hostname="Sharvesh-PC" failures="0" tests="1" name="schema_validation.schema" time="2.754" errors="0" timestamp="2021-02-10T22:55:32 NZDT" skipped="0">
  <testcase classname="schema_validation.schema" name="xml_dtd_schema_validation" time="2.754"/>
  <system-out/>
</testsuite> <!-- schema_validation.schema -->
