<?xml version="1.0" encoding="UTF-8"?>
<!-- Generated by org.testng.reporters.JUnitReportReporter -->
<testsuite hostname="Sharvesh-PC" failures="0" tests="1" name="Getting_started.NewTest" time="7.300" errors="0" timestamp="2021-02-09T12:41:48 NZDT" skipped="0">
  <testcase classname="Getting_started.NewTest" name="getRequest" time="7.300"/>
  <system-out/>
</testsuite> <!-- Getting_started.NewTest -->
