<?xml version="1.0" encoding="UTF-8"?>
<!-- Generated by org.testng.reporters.JUnitReportReporter -->
<testsuite hostname="Sharvesh-PC" failures="0" tests="1" name="rest_logging.Rest_Logging" time="2.424" errors="0" timestamp="2021-02-09T21:56:50 NZDT" skipped="0">
  <testcase classname="rest_logging.Rest_Logging" name="log_all_details" time="2.424"/>
  <system-out/>
</testsuite> <!-- rest_logging.Rest_Logging -->
