<?xml version="1.0" encoding="UTF-8"?>
<!-- Generated by org.testng.reporters.JUnitReportReporter -->
<testsuite hostname="Sharvesh-PC" failures="0" tests="1" name="Post_Put_Delete.Post_Put_Delete" time="5.466" errors="0" timestamp="2021-02-09T21:30:16 NZDT" skipped="0">
  <testcase classname="Post_Put_Delete.Post_Put_Delete" name="post_request" time="5.466"/>
  <system-out/>
</testsuite> <!-- Post_Put_Delete.Post_Put_Delete -->
